<?xml version="1.0" encoding="UTF-8"?>
<testsuite name="org.openstreetmap.josm.plugins.streetside.actions.MapObjectLayerActionTest" tests="1" skipped="0" failures="0" errors="0" timestamp="2018-06-11T22:57:36" hostname="Renes-MBP.lan" time="0.114">
  <properties/>
  <testcase name="testAction" classname="org.openstreetmap.josm.plugins.streetside.actions.MapObjectLayerActionTest" time="0.114"/>
  <system-out><![CDATA[]]></system-out>
  <system-err><![CDATA[]]></system-err>
</testsuite>
