<?xml version="1.0" encoding="UTF-8"?>
<testsuite name="org.openstreetmap.josm.plugins.streetside.utils.PluginStateTest" tests="2" skipped="0" failures="0" errors="0" timestamp="2018-06-15T23:03:00" hostname="D-10-19-129-119.dhcp4.washington.edu" time="0.0">
  <properties/>
  <testcase name="uploadTest" classname="org.openstreetmap.josm.plugins.streetside.utils.PluginStateTest" time="0.0"/>
  <testcase name="downloadTest" classname="org.openstreetmap.josm.plugins.streetside.utils.PluginStateTest" time="0.0"/>
  <system-out><![CDATA[]]></system-out>
  <system-err><![CDATA[]]></system-err>
</testsuite>
