<?xml version="1.0" encoding="UTF-8"?>
<testsuite name="org.openstreetmap.josm.plugins.streetside.model.MapObjectTest" tests="7" skipped="0" failures="0" errors="0" timestamp="2018-06-11T22:57:34" hostname="Renes-MBP.lan" time="0.773">
  <properties/>
  <testcase name="testIllArgEx1" classname="org.openstreetmap.josm.plugins.streetside.model.MapObjectTest" time="0.147"/>
  <testcase name="testIllArgEx2" classname="org.openstreetmap.josm.plugins.streetside.model.MapObjectTest" time="0.096"/>
  <testcase name="testIllArgEx3" classname="org.openstreetmap.josm.plugins.streetside.model.MapObjectTest" time="0.09"/>
  <testcase name="testIllArgEx4" classname="org.openstreetmap.josm.plugins.streetside.model.MapObjectTest" time="0.089"/>
  <testcase name="testIcon" classname="org.openstreetmap.josm.plugins.streetside.model.MapObjectTest" time="0.13"/>
  <testcase name="testInvalidIconDownloadURL" classname="org.openstreetmap.josm.plugins.streetside.model.MapObjectTest" time="0.128"/>
  <testcase name="testEquals" classname="org.openstreetmap.josm.plugins.streetside.model.MapObjectTest" time="0.091"/>
  <system-out><![CDATA[]]></system-out>
  <system-err><![CDATA[2018-06-11 22:57:35.526 WARNING: Failed to download icon /invalidPathToIcon: javax.imageio.IIOException: Can't get input stream from URL!. Cause: java.net.UnknownHostException: invalidURL
]]></system-err>
</testsuite>
