<?xml version="1.0" encoding="UTF-8"?>
<testsuite name="org.openstreetmap.josm.plugins.streetside.StreetsideDataTest" tests="8" skipped="5" failures="0" errors="0" timestamp="2018-06-15T23:02:58" hostname="D-10-19-129-119.dhcp4.washington.edu" time="1.021">
  <properties/>
  <testcase name="selectTest" classname="org.openstreetmap.josm.plugins.streetside.StreetsideDataTest" time="0.0">
    <skipped/>
  </testcase>
  <testcase name="previousOfNullImgTest" classname="org.openstreetmap.josm.plugins.streetside.StreetsideDataTest" time="0.0">
    <skipped/>
  </testcase>
  <testcase name="addTest" classname="org.openstreetmap.josm.plugins.streetside.StreetsideDataTest" time="0.77"/>
  <testcase name="multiSelectTest" classname="org.openstreetmap.josm.plugins.streetside.StreetsideDataTest" time="0.0">
    <skipped/>
  </testcase>
  <testcase name="nextAndPreviousTest" classname="org.openstreetmap.josm.plugins.streetside.StreetsideDataTest" time="0.0">
    <skipped/>
  </testcase>
  <testcase name="highlighTest" classname="org.openstreetmap.josm.plugins.streetside.StreetsideDataTest" time="0.059"/>
  <testcase name="nextOfNullImgTest" classname="org.openstreetmap.josm.plugins.streetside.StreetsideDataTest" time="0.0">
    <skipped/>
  </testcase>
  <testcase name="sizeTest" classname="org.openstreetmap.josm.plugins.streetside.StreetsideDataTest" time="0.031"/>
  <system-out><![CDATA[]]></system-out>
  <system-err><![CDATA[Exception in thread "Thread-5" java.lang.NullPointerException
	at org.openstreetmap.josm.data.preferences.AbstractToStringProperty.put(AbstractToStringProperty.java:108)
	at org.openstreetmap.josm.data.preferences.StringProperty.put(StringProperty.java:27)
	at org.openstreetmap.josm.plugins.streetside.oauth.StreetsideUser.reset(StreetsideUser.java:85)
	at org.openstreetmap.josm.plugins.streetside.oauth.OAuthPortListener.run(OAuthPortListener.java:67)
]]></system-err>
</testsuite>
