<?xml version="1.0" encoding="UTF-8"?>
<testsuite name="org.openstreetmap.josm.plugins.streetside.utils.api.JsonMapObjectDecoderTest" tests="4" skipped="0" failures="0" errors="0" timestamp="2018-06-15T04:57:26" hostname="Renes-MacBook-Pro.local" time="0.271">
  <properties/>
  <testcase name="testDecodeMapObject" classname="org.openstreetmap.josm.plugins.streetside.utils.api.JsonMapObjectDecoderTest" time="0.172"/>
  <testcase name="testDecodeMapObjects" classname="org.openstreetmap.josm.plugins.streetside.utils.api.JsonMapObjectDecoderTest" time="0.039"/>
  <testcase name="testUtilityClass" classname="org.openstreetmap.josm.plugins.streetside.utils.api.JsonMapObjectDecoderTest" time="0.029"/>
  <testcase name="testDecodeMapObjectInvalid" classname="org.openstreetmap.josm.plugins.streetside.utils.api.JsonMapObjectDecoderTest" time="0.031"/>
  <system-out><![CDATA[]]></system-out>
  <system-err><![CDATA[]]></system-err>
</testsuite>
