<?xml version="1.0" encoding="UTF-8"?>
<testsuite name="org.openstreetmap.josm.plugins.streetside.utils.StreetsideColorSchemeTest" tests="2" skipped="0" failures="0" errors="0" timestamp="2018-06-11T22:57:32" hostname="Renes-MBP.lan" time="0.001">
  <properties/>
  <testcase name="testStyleAsDefaultPanel" classname="org.openstreetmap.josm.plugins.streetside.utils.StreetsideColorSchemeTest" time="0.001"/>
  <testcase name="testUtilityClass" classname="org.openstreetmap.josm.plugins.streetside.utils.StreetsideColorSchemeTest" time="0.0"/>
  <system-out><![CDATA[]]></system-out>
  <system-err><![CDATA[]]></system-err>
</testsuite>
