<?xml version="1.0" encoding="UTF-8"?>
<testsuite name="org.openstreetmap.josm.plugins.streetside.utils.ImageUtilTest" tests="2" skipped="0" failures="0" errors="0" timestamp="2018-06-15T04:57:26" hostname="Renes-MacBook-Pro.local" time="0.012">
  <properties/>
  <testcase name="testScaleImageIcon" classname="org.openstreetmap.josm.plugins.streetside.utils.ImageUtilTest" time="0.012"/>
  <testcase name="testUtilityClass" classname="org.openstreetmap.josm.plugins.streetside.utils.ImageUtilTest" time="0.0"/>
  <system-out><![CDATA[]]></system-out>
  <system-err><![CDATA[]]></system-err>
</testsuite>
