<?xml version="1.0" encoding="UTF-8"?>
<testsuite name="org.openstreetmap.josm.plugins.streetside.ImportTest" tests="2" skipped="0" failures="0" errors="0" timestamp="2018-06-15T04:57:30" hostname="Renes-MacBook-Pro.local" time="0.0">
  <properties/>
  <testcase name="testInvalidFiles" classname="org.openstreetmap.josm.plugins.streetside.ImportTest" time="0.0"/>
  <testcase name="importNoTagsTest" classname="org.openstreetmap.josm.plugins.streetside.ImportTest" time="0.0"/>
  <system-out><![CDATA[]]></system-out>
  <system-err><![CDATA[]]></system-err>
</testsuite>
