<?xml version="1.0" encoding="UTF-8"?>
<testsuite name="org.openstreetmap.josm.plugins.streetside.gui.boilerplate.SelectableLabelTest" tests="1" skipped="0" failures="0" errors="0" timestamp="2018-06-15T04:57:27" hostname="Renes-MacBook-Pro.local" time="0.059">
  <properties/>
  <testcase name="test" classname="org.openstreetmap.josm.plugins.streetside.gui.boilerplate.SelectableLabelTest" time="0.059"/>
  <system-out><![CDATA[]]></system-out>
  <system-err><![CDATA[]]></system-err>
</testsuite>
