<?xml version="1.0" encoding="UTF-8"?>
<testsuite name="org.openstreetmap.josm.plugins.streetside.utils.api.JsonImageDetailsDecoderTest" tests="4" skipped="1" failures="0" errors="0" timestamp="2018-06-15T23:03:00" hostname="D-10-19-129-119.dhcp4.washington.edu" time="0.12">
  <properties/>
  <testcase name="testInvalidImageInfos" classname="org.openstreetmap.josm.plugins.streetside.utils.api.JsonImageDetailsDecoderTest" time="0.051"/>
  <testcase name="testDecodeImageInfos" classname="org.openstreetmap.josm.plugins.streetside.utils.api.JsonImageDetailsDecoderTest" time="0.0">
    <skipped/>
  </testcase>
  <testcase name="testUtilityClass" classname="org.openstreetmap.josm.plugins.streetside.utils.api.JsonImageDetailsDecoderTest" time="0.035"/>
  <testcase name="testInvalidImageInfo" classname="org.openstreetmap.josm.plugins.streetside.utils.api.JsonImageDetailsDecoderTest" time="0.034"/>
  <system-out><![CDATA[]]></system-out>
  <system-err><![CDATA[]]></system-err>
</testsuite>
