<?xml version="1.0" encoding="UTF-8"?>
<testsuite name="org.openstreetmap.josm.plugins.streetside.utils.api.JsonImageDetectionDecoderTest" tests="7" skipped="0" failures="0" errors="0" timestamp="2018-06-15T23:03:00" hostname="D-10-19-129-119.dhcp4.washington.edu" time="0.015">
  <properties/>
  <testcase name="testDecodeImageDetections" classname="org.openstreetmap.josm.plugins.streetside.utils.api.JsonImageDetectionDecoderTest" time="0.006"/>
  <testcase name="testImageDetectionInvalid" classname="org.openstreetmap.josm.plugins.streetside.utils.api.JsonImageDetectionDecoderTest" time="0.006"/>
  <testcase name="testDecodeSimpleShape" classname="org.openstreetmap.josm.plugins.streetside.utils.api.JsonImageDetectionDecoderTest" time="0.001"/>
  <testcase name="testDecodeImageDetection" classname="org.openstreetmap.josm.plugins.streetside.utils.api.JsonImageDetectionDecoderTest" time="0.0"/>
  <testcase name="testDecodeShape" classname="org.openstreetmap.josm.plugins.streetside.utils.api.JsonImageDetectionDecoderTest" time="0.002"/>
  <testcase name="testDecodePolygon" classname="org.openstreetmap.josm.plugins.streetside.utils.api.JsonImageDetectionDecoderTest" time="0.0"/>
  <testcase name="testUtilityClass" classname="org.openstreetmap.josm.plugins.streetside.utils.api.JsonImageDetectionDecoderTest" time="0.0"/>
  <system-out><![CDATA[]]></system-out>
  <system-err><![CDATA[2018-06-15 23:03:00.447 WARNING: Image detections using shapes with type=Point are currently not supported!
]]></system-err>
</testsuite>
