<?xml version="1.0" encoding="UTF-8"?>
<testsuite name="org.openstreetmap.josm.plugins.streetside.actions.MapObjectLayerActionTest" tests="1" skipped="1" failures="0" errors="0" timestamp="2018-06-15T04:57:30" hostname="Renes-MacBook-Pro.local" time="0.0">
  <properties/>
  <testcase name="testAction" classname="org.openstreetmap.josm.plugins.streetside.actions.MapObjectLayerActionTest" time="0.0">
    <skipped/>
  </testcase>
  <system-out><![CDATA[]]></system-out>
  <system-err><![CDATA[]]></system-err>
</testsuite>
