<?xml version="1.0" encoding="UTF-8"?>
<testsuite name="org.openstreetmap.josm.plugins.streetside.utils.ImageImportUtilTest" tests="7" skipped="4" failures="0" errors="0" timestamp="2018-06-11T22:57:31" hostname="Renes-MBP.lan" time="0.105">
  <properties/>
  <testcase name="testGpsDirectionOnlyImage" classname="org.openstreetmap.josm.plugins.streetside.utils.ImageImportUtilTest" time="0.0">
    <skipped/>
  </testcase>
  <testcase name="testUntaggedImage" classname="org.openstreetmap.josm.plugins.streetside.utils.ImageImportUtilTest" time="0.0">
    <skipped/>
  </testcase>
  <testcase name="testLatLonOnlyImage" classname="org.openstreetmap.josm.plugins.streetside.utils.ImageImportUtilTest" time="0.0">
    <skipped/>
  </testcase>
  <testcase name="testDateTimeOnlyImage" classname="org.openstreetmap.josm.plugins.streetside.utils.ImageImportUtilTest" time="0.0">
    <skipped/>
  </testcase>
  <testcase name="testFileFilterAgainstEmptyFile" classname="org.openstreetmap.josm.plugins.streetside.utils.ImageImportUtilTest" time="0.004"/>
  <testcase name="testImageDirectory" classname="org.openstreetmap.josm.plugins.streetside.utils.ImageImportUtilTest" time="0.1"/>
  <testcase name="testUtilityClass" classname="org.openstreetmap.josm.plugins.streetside.utils.ImageImportUtilTest" time="0.0"/>
  <system-out><![CDATA[]]></system-out>
  <system-err><![CDATA[]]></system-err>
</testsuite>
