<?xml version="1.0" encoding="UTF-8"?>
<testsuite name="org.openstreetmap.josm.plugins.streetside.utils.ImageUtilTest" tests="2" skipped="0" failures="0" errors="0" timestamp="2018-06-15T23:02:59" hostname="D-10-19-129-119.dhcp4.washington.edu" time="0.013">
  <properties/>
  <testcase name="testScaleImageIcon" classname="org.openstreetmap.josm.plugins.streetside.utils.ImageUtilTest" time="0.013"/>
  <testcase name="testUtilityClass" classname="org.openstreetmap.josm.plugins.streetside.utils.ImageUtilTest" time="0.0"/>
  <system-out><![CDATA[]]></system-out>
  <system-err><![CDATA[]]></system-err>
</testsuite>
