<?xml version="1.0" encoding="UTF-8"?>
<testsuite name="org.openstreetmap.josm.plugins.streetside.utils.api.JsonSequencesDecoderTest" tests="9" skipped="2" failures="0" errors="0" timestamp="2018-06-15T23:03:00" hostname="D-10-19-129-119.dhcp4.washington.edu" time="0.01">
  <properties/>
  <testcase name="testDecodeSequenceInvalid" classname="org.openstreetmap.josm.plugins.streetside.utils.api.JsonSequencesDecoderTest" time="0.005"/>
  <testcase name="testDecodeSequencesWithArbitraryObjectAsFeature" classname="org.openstreetmap.josm.plugins.streetside.utils.api.JsonSequencesDecoderTest" time="0.0"/>
  <testcase name="testDecodeSequencesInvalid" classname="org.openstreetmap.josm.plugins.streetside.utils.api.JsonSequencesDecoderTest" time="0.001"/>
  <testcase name="testDecodeCoordinateProperty" classname="org.openstreetmap.josm.plugins.streetside.utils.api.JsonSequencesDecoderTest" time="0.001"/>
  <testcase name="testDecodeSequence" classname="org.openstreetmap.josm.plugins.streetside.utils.api.JsonSequencesDecoderTest" time="0.0">
    <skipped/>
  </testcase>
  <testcase name="testUtilityClass" classname="org.openstreetmap.josm.plugins.streetside.utils.api.JsonSequencesDecoderTest" time="0.0"/>
  <testcase name="testDecodeLatLons" classname="org.openstreetmap.josm.plugins.streetside.utils.api.JsonSequencesDecoderTest" time="0.001"/>
  <testcase name="testDecodeSequences" classname="org.openstreetmap.josm.plugins.streetside.utils.api.JsonSequencesDecoderTest" time="0.0">
    <skipped/>
  </testcase>
  <testcase name="testDecodeJsonArray" classname="org.openstreetmap.josm.plugins.streetside.utils.api.JsonSequencesDecoderTest" time="0.001"/>
  <system-out><![CDATA[]]></system-out>
  <system-err><![CDATA[]]></system-err>
</testsuite>
