<?xml version="1.0" encoding="UTF-8"?>
<testsuite name="org.openstreetmap.josm.plugins.streetside.history.StreetsideRecordTest" tests="7" skipped="0" failures="0" errors="0" timestamp="2018-06-11T22:57:35" hostname="Renes-MBP.lan" time="0.866">
  <properties/>
  <testcase name="commandJoinClass" classname="org.openstreetmap.josm.plugins.streetside.history.StreetsideRecordTest" time="0.126"/>
  <testcase name="commandJoinNull1" classname="org.openstreetmap.josm.plugins.streetside.history.StreetsideRecordTest" time="0.116"/>
  <testcase name="commandJoinNull2" classname="org.openstreetmap.josm.plugins.streetside.history.StreetsideRecordTest" time="0.106"/>
  <testcase name="commandUnjoinClass" classname="org.openstreetmap.josm.plugins.streetside.history.StreetsideRecordTest" time="0.116"/>
  <testcase name="commandTest" classname="org.openstreetmap.josm.plugins.streetside.history.StreetsideRecordTest" time="0.131"/>
  <testcase name="commandMoveTest" classname="org.openstreetmap.josm.plugins.streetside.history.StreetsideRecordTest" time="0.138"/>
  <testcase name="commandTurnTest" classname="org.openstreetmap.josm.plugins.streetside.history.StreetsideRecordTest" time="0.13"/>
  <system-out><![CDATA[]]></system-out>
  <system-err><![CDATA[]]></system-err>
</testsuite>
