<?xml version="1.0" encoding="UTF-8"?>
<testsuite name="org.openstreetmap.josm.plugins.streetside.utils.api.JsonImageDetailsDecoderTest" tests="4" skipped="1" failures="0" errors="0" timestamp="2018-06-11T22:57:31" hostname="Renes-MBP.lan" time="0.254">
  <properties/>
  <testcase name="testInvalidImageInfos" classname="org.openstreetmap.josm.plugins.streetside.utils.api.JsonImageDetailsDecoderTest" time="0.089"/>
  <testcase name="testDecodeImageInfos" classname="org.openstreetmap.josm.plugins.streetside.utils.api.JsonImageDetailsDecoderTest" time="0.0">
    <skipped/>
  </testcase>
  <testcase name="testUtilityClass" classname="org.openstreetmap.josm.plugins.streetside.utils.api.JsonImageDetailsDecoderTest" time="0.083"/>
  <testcase name="testInvalidImageInfo" classname="org.openstreetmap.josm.plugins.streetside.utils.api.JsonImageDetailsDecoderTest" time="0.082"/>
  <system-out><![CDATA[]]></system-out>
  <system-err><![CDATA[]]></system-err>
</testsuite>
