<?xml version="1.0" encoding="UTF-8"?>
<testsuite name="org.openstreetmap.josm.plugins.streetside.gui.layer.MapObjectLayerTest" tests="6" skipped="5" failures="0" errors="0" timestamp="2018-06-15T04:57:27" hostname="Renes-MacBook-Pro.local" time="0.06">
  <properties/>
  <testcase name="testScheduleDownload" classname="org.openstreetmap.josm.plugins.streetside.gui.layer.MapObjectLayerTest" time="0.0">
    <skipped/>
  </testcase>
  <testcase name="testTrivialMethods" classname="org.openstreetmap.josm.plugins.streetside.gui.layer.MapObjectLayerTest" time="0.0">
    <skipped/>
  </testcase>
  <testcase name="testGetIcon" classname="org.openstreetmap.josm.plugins.streetside.gui.layer.MapObjectLayerTest" time="0.0">
    <skipped/>
  </testcase>
  <testcase name="testStatusEnum" classname="org.openstreetmap.josm.plugins.streetside.gui.layer.MapObjectLayerTest" time="0.059"/>
  <testcase name="testInfoComponent" classname="org.openstreetmap.josm.plugins.streetside.gui.layer.MapObjectLayerTest" time="0.0">
    <skipped/>
  </testcase>
  <testcase name="testMergable" classname="org.openstreetmap.josm.plugins.streetside.gui.layer.MapObjectLayerTest" time="0.0">
    <skipped/>
  </testcase>
  <system-out><![CDATA[]]></system-out>
  <system-err><![CDATA[]]></system-err>
</testsuite>
