<?xml version="1.0" encoding="UTF-8"?>
<testsuite name="org.openstreetmap.josm.plugins.streetside.utils.StreetsidePropertiesTest" tests="1" skipped="0" failures="0" errors="0" timestamp="2018-06-15T04:57:27" hostname="Renes-MacBook-Pro.local" time="0.046">
  <properties/>
  <testcase name="test" classname="org.openstreetmap.josm.plugins.streetside.utils.StreetsidePropertiesTest" time="0.046"/>
  <system-out><![CDATA[]]></system-out>
  <system-err><![CDATA[]]></system-err>
</testsuite>
