<?xml version="1.0" encoding="UTF-8"?>
<testsuite name="org.openstreetmap.josm.plugins.streetside.utils.StreetsideURLTest$APIv3" tests="7" skipped="3" failures="0" errors="0" timestamp="2018-06-15T23:02:59" hostname="D-10-19-129-119.dhcp4.washington.edu" time="0.089">
  <properties/>
  <testcase name="testParseNextFromHeaderValue2" classname="org.openstreetmap.josm.plugins.streetside.utils.StreetsideURLTest$APIv3" time="0.005"/>
  <testcase name="testSubmitChangeset" classname="org.openstreetmap.josm.plugins.streetside.utils.StreetsideURLTest$APIv3" time="0.0">
    <skipped/>
  </testcase>
  <testcase name="testSearchDetections" classname="org.openstreetmap.josm.plugins.streetside.utils.StreetsideURLTest$APIv3" time="0.0">
    <skipped/>
  </testcase>
  <testcase name="testParseNextFromHeaderValue" classname="org.openstreetmap.josm.plugins.streetside.utils.StreetsideURLTest$APIv3" time="0.081"/>
  <testcase name="testParseNextFromHeaderValueMalformed" classname="org.openstreetmap.josm.plugins.streetside.utils.StreetsideURLTest$APIv3" time="0.002"/>
  <testcase name="testSearchImages" classname="org.openstreetmap.josm.plugins.streetside.utils.StreetsideURLTest$APIv3" time="0.0">
    <skipped/>
  </testcase>
  <testcase name="testParseNextFromHeaderValueNull" classname="org.openstreetmap.josm.plugins.streetside.utils.StreetsideURLTest$APIv3" time="0.0"/>
  <system-out><![CDATA[]]></system-out>
  <system-err><![CDATA[2018-06-15 23:02:59.983 WARNING: Mapillary API v3 returns a malformed URL in the Link header.: java.net.MalformedURLException: no protocol: ###
]]></system-err>
</testsuite>
