<?xml version="1.0" encoding="UTF-8"?>
<testsuite name="org.openstreetmap.josm.plugins.streetside.gui.ImageDisplayTest" tests="3" skipped="0" failures="0" errors="0" timestamp="2018-06-11T22:57:32" hostname="Renes-MBP.lan" time="0.544">
  <properties/>
  <testcase name="testMouseClicked" classname="org.openstreetmap.josm.plugins.streetside.gui.ImageDisplayTest" time="0.319"/>
  <testcase name="testImagePersistence" classname="org.openstreetmap.josm.plugins.streetside.gui.ImageDisplayTest" time="0.093"/>
  <testcase name="testMouseWheelMoved" classname="org.openstreetmap.josm.plugins.streetside.gui.ImageDisplayTest" time="0.132"/>
  <system-out><![CDATA[]]></system-out>
  <system-err><![CDATA[]]></system-err>
</testsuite>
