<?xml version="1.0" encoding="UTF-8"?>
<testsuite name="org.openstreetmap.josm.plugins.streetside.gui.StreetsidePreferenceSettingTest" tests="4" skipped="4" failures="0" errors="0" timestamp="2018-06-15T04:57:27" hostname="Renes-MacBook-Pro.local" time="0.0">
  <properties/>
  <testcase name="testOk" classname="org.openstreetmap.josm.plugins.streetside.gui.StreetsidePreferenceSettingTest" time="0.0">
    <skipped/>
  </testcase>
  <testcase name="testIsExpert" classname="org.openstreetmap.josm.plugins.streetside.gui.StreetsidePreferenceSettingTest" time="0.0">
    <skipped/>
  </testcase>
  <testcase name="testLoginLogout" classname="org.openstreetmap.josm.plugins.streetside.gui.StreetsidePreferenceSettingTest" time="0.0">
    <skipped/>
  </testcase>
  <testcase name="testAddGui" classname="org.openstreetmap.josm.plugins.streetside.gui.StreetsidePreferenceSettingTest" time="0.0">
    <skipped/>
  </testcase>
  <system-out><![CDATA[]]></system-out>
  <system-err><![CDATA[]]></system-err>
</testsuite>
