<?xml version="1.0" encoding="UTF-8"?>
<testsuite name="org.openstreetmap.josm.plugins.streetside.utils.PluginStateTest" tests="2" skipped="0" failures="0" errors="0" timestamp="2018-06-15T04:57:27" hostname="Renes-MacBook-Pro.local" time="0.001">
  <properties/>
  <testcase name="uploadTest" classname="org.openstreetmap.josm.plugins.streetside.utils.PluginStateTest" time="0.001"/>
  <testcase name="downloadTest" classname="org.openstreetmap.josm.plugins.streetside.utils.PluginStateTest" time="0.0"/>
  <system-out><![CDATA[]]></system-out>
  <system-err><![CDATA[]]></system-err>
</testsuite>
