<?xml version="1.0" encoding="UTF-8"?>
<testsuite name="org.openstreetmap.josm.plugins.streetside.gui.StreetsidePreferenceSettingTest" tests="4" skipped="0" failures="0" errors="0" timestamp="2018-06-11T22:57:33" hostname="Renes-MBP.lan" time="1.28">
  <properties/>
  <testcase name="testOk" classname="org.openstreetmap.josm.plugins.streetside.gui.StreetsidePreferenceSettingTest" time="0.251"/>
  <testcase name="testIsExpert" classname="org.openstreetmap.josm.plugins.streetside.gui.StreetsidePreferenceSettingTest" time="0.117"/>
  <testcase name="testLoginLogout" classname="org.openstreetmap.josm.plugins.streetside.gui.StreetsidePreferenceSettingTest" time="0.69"/>
  <testcase name="testAddGui" classname="org.openstreetmap.josm.plugins.streetside.gui.StreetsidePreferenceSettingTest" time="0.222"/>
  <system-out><![CDATA[]]></system-out>
  <system-err><![CDATA[]]></system-err>
</testsuite>
